Analysis & Synthesis report for RCA_Converter
Tue Oct 25 17:07:20 2022
Quartus Prime Version 19.1.0 Build 670 09/22/2019 SJ Lite Edition


---------------------
; Table of Contents ;
---------------------
  1. Legal Notice
  2. Analysis & Synthesis Summary
  3. Analysis & Synthesis Settings
  4. Parallel Compilation
  5. Analysis & Synthesis Source Files Read
  6. Analysis & Synthesis Resource Usage Summary
  7. Analysis & Synthesis Resource Utilization by Entity
  8. State Machine - |top_level|USB_Output:U_USB_OUTPUT|state_r
  9. Registers Removed During Synthesis
 10. General Register Statistics
 11. Parameter Settings for User Entity Instance: USB_Output:U_USB_OUTPUT
 12. Post-Synthesis Netlist Statistics for Top Partition
 13. Elapsed Time Per Partition
 14. Analysis & Synthesis Messages



----------------
; Legal Notice ;
----------------
Copyright (C) 2019  Intel Corporation. All rights reserved.
Your use of Intel Corporation's design tools, logic functions 
and other software and tools, and any partner logic 
functions, and any output files from any of the foregoing 
(including device programming or simulation files), and any 
associated documentation or information are expressly subject 
to the terms and conditions of the Intel Program License 
Subscription Agreement, the Intel Quartus Prime License Agreement,
the Intel FPGA IP License Agreement, or other applicable license
agreement, including, without limitation, that your use is for
the sole purpose of programming logic devices manufactured by
Intel and sold by Intel or its authorized distributors.  Please
refer to the applicable agreement for further details, at
https://fpgasoftware.intel.com/eula.



+----------------------------------------------------------------------------------+
; Analysis & Synthesis Summary                                                     ;
+------------------------------------+---------------------------------------------+
; Analysis & Synthesis Status        ; Successful - Tue Oct 25 17:07:20 2022       ;
; Quartus Prime Version              ; 19.1.0 Build 670 09/22/2019 SJ Lite Edition ;
; Revision Name                      ; RCA_Converter                               ;
; Top-level Entity Name              ; top_level                                   ;
; Family                             ; MAX 10                                      ;
; Total logic elements               ; 0                                           ;
;     Total combinational functions  ; 0                                           ;
;     Dedicated logic registers      ; 0                                           ;
; Total registers                    ; 0                                           ;
; Total pins                         ; 13                                          ;
; Total virtual pins                 ; 0                                           ;
; Total memory bits                  ; 0                                           ;
; Embedded Multiplier 9-bit elements ; 0                                           ;
; Total PLLs                         ; 0                                           ;
; UFM blocks                         ; 0                                           ;
; ADC blocks                         ; 0                                           ;
+------------------------------------+---------------------------------------------+


+------------------------------------------------------------------------------------------------------------+
; Analysis & Synthesis Settings                                                                              ;
+------------------------------------------------------------------+--------------------+--------------------+
; Option                                                           ; Setting            ; Default Value      ;
+------------------------------------------------------------------+--------------------+--------------------+
; Device                                                           ; 10M50DAF484C6GES   ;                    ;
; Top-level entity name                                            ; top_level          ; RCA_Converter      ;
; Family name                                                      ; MAX 10             ; Cyclone V          ;
; Use smart compilation                                            ; Off                ; Off                ;
; Enable parallel Assembler and Timing Analyzer during compilation ; On                 ; On                 ;
; Enable compact report table                                      ; Off                ; Off                ;
; Restructure Multiplexers                                         ; Auto               ; Auto               ;
; Create Debugging Nodes for IP Cores                              ; Off                ; Off                ;
; Preserve fewer node names                                        ; On                 ; On                 ;
; Intel FPGA IP Evaluation Mode                                    ; Enable             ; Enable             ;
; Verilog Version                                                  ; Verilog_2001       ; Verilog_2001       ;
; VHDL Version                                                     ; VHDL_1993          ; VHDL_1993          ;
; State Machine Processing                                         ; Auto               ; Auto               ;
; Safe State Machine                                               ; Off                ; Off                ;
; Extract Verilog State Machines                                   ; On                 ; On                 ;
; Extract VHDL State Machines                                      ; On                 ; On                 ;
; Ignore Verilog initial constructs                                ; Off                ; Off                ;
; Iteration limit for constant Verilog loops                       ; 5000               ; 5000               ;
; Iteration limit for non-constant Verilog loops                   ; 250                ; 250                ;
; Add Pass-Through Logic to Inferred RAMs                          ; On                 ; On                 ;
; Infer RAMs from Raw Logic                                        ; On                 ; On                 ;
; Parallel Synthesis                                               ; On                 ; On                 ;
; DSP Block Balancing                                              ; Auto               ; Auto               ;
; NOT Gate Push-Back                                               ; On                 ; On                 ;
; Power-Up Don't Care                                              ; On                 ; On                 ;
; Remove Redundant Logic Cells                                     ; Off                ; Off                ;
; Remove Duplicate Registers                                       ; On                 ; On                 ;
; Ignore CARRY Buffers                                             ; Off                ; Off                ;
; Ignore CASCADE Buffers                                           ; Off                ; Off                ;
; Ignore GLOBAL Buffers                                            ; Off                ; Off                ;
; Ignore ROW GLOBAL Buffers                                        ; Off                ; Off                ;
; Ignore LCELL Buffers                                             ; Off                ; Off                ;
; Ignore SOFT Buffers                                              ; On                 ; On                 ;
; Limit AHDL Integers to 32 Bits                                   ; Off                ; Off                ;
; Optimization Technique                                           ; Balanced           ; Balanced           ;
; Carry Chain Length                                               ; 70                 ; 70                 ;
; Auto Carry Chains                                                ; On                 ; On                 ;
; Auto Open-Drain Pins                                             ; On                 ; On                 ;
; Perform WYSIWYG Primitive Resynthesis                            ; Off                ; Off                ;
; Auto ROM Replacement                                             ; On                 ; On                 ;
; Auto RAM Replacement                                             ; On                 ; On                 ;
; Auto DSP Block Replacement                                       ; On                 ; On                 ;
; Auto Shift Register Replacement                                  ; Auto               ; Auto               ;
; Allow Shift Register Merging across Hierarchies                  ; Auto               ; Auto               ;
; Auto Clock Enable Replacement                                    ; On                 ; On                 ;
; Strict RAM Replacement                                           ; Off                ; Off                ;
; Allow Synchronous Control Signals                                ; On                 ; On                 ;
; Force Use of Synchronous Clear Signals                           ; Off                ; Off                ;
; Auto RAM Block Balancing                                         ; On                 ; On                 ;
; Auto RAM to Logic Cell Conversion                                ; Off                ; Off                ;
; Auto Resource Sharing                                            ; Off                ; Off                ;
; Allow Any RAM Size For Recognition                               ; Off                ; Off                ;
; Allow Any ROM Size For Recognition                               ; Off                ; Off                ;
; Allow Any Shift Register Size For Recognition                    ; Off                ; Off                ;
; Use LogicLock Constraints during Resource Balancing              ; On                 ; On                 ;
; Ignore translate_off and synthesis_off directives                ; Off                ; Off                ;
; Timing-Driven Synthesis                                          ; On                 ; On                 ;
; Report Parameter Settings                                        ; On                 ; On                 ;
; Report Source Assignments                                        ; On                 ; On                 ;
; Report Connectivity Checks                                       ; On                 ; On                 ;
; Ignore Maximum Fan-Out Assignments                               ; Off                ; Off                ;
; Synchronization Register Chain Length                            ; 2                  ; 2                  ;
; Power Optimization During Synthesis                              ; Normal compilation ; Normal compilation ;
; HDL message level                                                ; Level2             ; Level2             ;
; Suppress Register Optimization Related Messages                  ; Off                ; Off                ;
; Number of Removed Registers Reported in Synthesis Report         ; 5000               ; 5000               ;
; Number of Swept Nodes Reported in Synthesis Report               ; 5000               ; 5000               ;
; Number of Inverted Registers Reported in Synthesis Report        ; 100                ; 100                ;
; Clock MUX Protection                                             ; On                 ; On                 ;
; Auto Gated Clock Conversion                                      ; Off                ; Off                ;
; Block Design Naming                                              ; Auto               ; Auto               ;
; SDC constraint protection                                        ; Off                ; Off                ;
; Synthesis Effort                                                 ; Auto               ; Auto               ;
; Shift Register Replacement - Allow Asynchronous Clear Signal     ; On                 ; On                 ;
; Pre-Mapping Resynthesis Optimization                             ; Off                ; Off                ;
; Analysis & Synthesis Message Level                               ; Medium             ; Medium             ;
; Disable Register Merging Across Hierarchies                      ; Auto               ; Auto               ;
; Resource Aware Inference For Block RAM                           ; On                 ; On                 ;
+------------------------------------------------------------------+--------------------+--------------------+


+------------------------------------------+
; Parallel Compilation                     ;
+----------------------------+-------------+
; Processors                 ; Number      ;
+----------------------------+-------------+
; Number detected on machine ; 8           ;
; Maximum allowed            ; 4           ;
;                            ;             ;
; Average used               ; 1.00        ;
; Maximum used               ; 1           ;
;                            ;             ;
; Usage by Processor         ; % Time Used ;
;     Processor 1            ; 100.0%      ;
+----------------------------+-------------+


+-----------------------------------------------------------------------------------------------------------------------------------------------------------------------------------------------------------------------+
; Analysis & Synthesis Source Files Read                                                                                                                                                                                ;
+----------------------------------+-----------------+-----------------+--------------------------------------------------------------------------------------------------------------------------------------+---------+
; File Name with User-Entered Path ; Used in Netlist ; File Type       ; File Name with Absolute Path                                                                                                         ; Library ;
+----------------------------------+-----------------+-----------------+--------------------------------------------------------------------------------------------------------------------------------------+---------+
; USB_Output.vhd                   ; yes             ; User VHDL File  ; C:/Users/gioco/Documents/UF_Senior_2022-2023/CEN3907C Computer Engineering Design 1/Project/Local Project Repository/USB_Output.vhd  ;         ;
; HDMI_Output.vhd                  ; yes             ; User VHDL File  ; C:/Users/gioco/Documents/UF_Senior_2022-2023/CEN3907C Computer Engineering Design 1/Project/Local Project Repository/HDMI_Output.vhd ;         ;
; top_level.vhd                    ; yes             ; User VHDL File  ; C:/Users/gioco/Documents/UF_Senior_2022-2023/CEN3907C Computer Engineering Design 1/Project/Local Project Repository/top_level.vhd   ;         ;
+----------------------------------+-----------------+-----------------+--------------------------------------------------------------------------------------------------------------------------------------+---------+


+--------------------------------------------------------+
; Analysis & Synthesis Resource Usage Summary            ;
+---------------------------------------------+----------+
; Resource                                    ; Usage    ;
+---------------------------------------------+----------+
;                                             ;          ;
; Total combinational functions               ; 0        ;
; Logic element usage by number of LUT inputs ;          ;
;     -- 4 input functions                    ; 0        ;
;     -- 3 input functions                    ; 0        ;
;     -- <=2 input functions                  ; 0        ;
;                                             ;          ;
; Logic elements by mode                      ;          ;
;     -- normal mode                          ; 0        ;
;     -- arithmetic mode                      ; 0        ;
;                                             ;          ;
; Total registers                             ; 0        ;
;     -- Dedicated logic registers            ; 0        ;
;     -- I/O registers                        ; 0        ;
;                                             ;          ;
; I/O pins                                    ; 13       ;
;                                             ;          ;
; Embedded Multiplier 9-bit elements          ; 0        ;
;                                             ;          ;
; Maximum fan-out node                        ; power_on ;
; Maximum fan-out                             ; 1        ;
; Total fan-out                               ; 13       ;
; Average fan-out                             ; 0.50     ;
+---------------------------------------------+----------+


+------------------------------------------------------------------------------------------------------------------------------------------------------------------------------------------------------------------------------------+
; Analysis & Synthesis Resource Utilization by Entity                                                                                                                                                                                ;
+----------------------------+---------------------+---------------------------+-------------+------------+--------------+---------+-----------+------+--------------+------------+---------------------+-------------+--------------+
; Compilation Hierarchy Node ; Combinational ALUTs ; Dedicated Logic Registers ; Memory Bits ; UFM Blocks ; DSP Elements ; DSP 9x9 ; DSP 18x18 ; Pins ; Virtual Pins ; ADC blocks ; Full Hierarchy Name ; Entity Name ; Library Name ;
+----------------------------+---------------------+---------------------------+-------------+------------+--------------+---------+-----------+------+--------------+------------+---------------------+-------------+--------------+
; |top_level                 ; 0 (0)               ; 0 (0)                     ; 0           ; 0          ; 0            ; 0       ; 0         ; 13   ; 0            ; 0          ; |top_level          ; top_level   ; work         ;
+----------------------------+---------------------+---------------------------+-------------+------------+--------------+---------+-----------+------+--------------+------------+---------------------+-------------+--------------+
Note: For table entries with two numbers listed, the numbers in parentheses indicate the number of resources of the given type used by the specific entity alone. The numbers listed outside of parentheses indicate the total resources of the given type used by the specific entity and all of its sub-entities in the hierarchy.


Encoding Type:  One-Hot
+------------------------------------------------------------------------------------------------------------------------------------------------+
; State Machine - |top_level|USB_Output:U_USB_OUTPUT|state_r                                                                                     ;
+-------------------+-----------------+------------------+---------------+-------------------+-------------------+----------------+--------------+
; Name              ; state_r.RESTART ; state_r.STOP_BIT ; state_r.P_BIT ; state_r.DATA_BITS ; state_r.START_BIT ; state_r.TXSYNC ; state_r.IDLE ;
+-------------------+-----------------+------------------+---------------+-------------------+-------------------+----------------+--------------+
; state_r.IDLE      ; 0               ; 0                ; 0             ; 0                 ; 0                 ; 0              ; 0            ;
; state_r.TXSYNC    ; 0               ; 0                ; 0             ; 0                 ; 0                 ; 1              ; 1            ;
; state_r.START_BIT ; 0               ; 0                ; 0             ; 0                 ; 1                 ; 0              ; 1            ;
; state_r.DATA_BITS ; 0               ; 0                ; 0             ; 1                 ; 0                 ; 0              ; 1            ;
; state_r.P_BIT     ; 0               ; 0                ; 1             ; 0                 ; 0                 ; 0              ; 1            ;
; state_r.STOP_BIT  ; 0               ; 1                ; 0             ; 0                 ; 0                 ; 0              ; 1            ;
; state_r.RESTART   ; 1               ; 0                ; 0             ; 0                 ; 0                 ; 0              ; 1            ;
+-------------------+-----------------+------------------+---------------+-------------------+-------------------+----------------+--------------+


+----------------------------------------------------------------+
; Registers Removed During Synthesis                             ;
+-------------------------------------------+--------------------+
; Register name                             ; Reason for Removal ;
+-------------------------------------------+--------------------+
; USB_Output:U_USB_OUTPUT|state_r.IDLE      ; Lost fanout        ;
; USB_Output:U_USB_OUTPUT|state_r.TXSYNC    ; Lost fanout        ;
; USB_Output:U_USB_OUTPUT|state_r.START_BIT ; Lost fanout        ;
; USB_Output:U_USB_OUTPUT|state_r.DATA_BITS ; Lost fanout        ;
; USB_Output:U_USB_OUTPUT|state_r.P_BIT     ; Lost fanout        ;
; USB_Output:U_USB_OUTPUT|state_r.STOP_BIT  ; Lost fanout        ;
; USB_Output:U_USB_OUTPUT|state_r.RESTART   ; Lost fanout        ;
; Total Number of Removed Registers = 7     ;                    ;
+-------------------------------------------+--------------------+


+------------------------------------------------------+
; General Register Statistics                          ;
+----------------------------------------------+-------+
; Statistic                                    ; Value ;
+----------------------------------------------+-------+
; Total registers                              ; 0     ;
; Number of registers using Synchronous Clear  ; 0     ;
; Number of registers using Synchronous Load   ; 0     ;
; Number of registers using Asynchronous Clear ; 0     ;
; Number of registers using Asynchronous Load  ; 0     ;
; Number of registers using Clock Enable       ; 0     ;
; Number of registers using Preset             ; 0     ;
+----------------------------------------------+-------+


+----------------------------------------------------------------------+
; Parameter Settings for User Entity Instance: USB_Output:U_USB_OUTPUT ;
+----------------+----------+------------------------------------------+
; Parameter Name ; Value    ; Type                                     ;
+----------------+----------+------------------------------------------+
; clk_freq       ; 50000000 ; Signed Integer                           ;
; baud_rate      ; 125000   ; Signed Integer                           ;
; parity_bit     ; 00       ; Unsigned Binary                          ;
+----------------+----------+------------------------------------------+
Note: In order to hide this table in the UI and the text report file, please set the "Show Parameter Settings in Synthesis Report" option in "Analysis and Synthesis Settings -> More Settings" to "Off".


+-----------------------------------------------------+
; Post-Synthesis Netlist Statistics for Top Partition ;
+-----------------------+-----------------------------+
; Type                  ; Count                       ;
+-----------------------+-----------------------------+
; boundary_port         ; 13                          ;
; cycloneiii_lcell_comb ; 1                           ;
;     normal            ; 1                           ;
;         0 data inputs ; 1                           ;
;                       ;                             ;
; Max LUT depth         ; 0.00                        ;
; Average LUT depth     ; 0.00                        ;
+-----------------------+-----------------------------+


+-------------------------------+
; Elapsed Time Per Partition    ;
+----------------+--------------+
; Partition Name ; Elapsed Time ;
+----------------+--------------+
; Top            ; 00:00:00     ;
+----------------+--------------+


+-------------------------------+
; Analysis & Synthesis Messages ;
+-------------------------------+
Info: *******************************************************************
Info: Running Quartus Prime Analysis & Synthesis
    Info: Version 19.1.0 Build 670 09/22/2019 SJ Lite Edition
    Info: Processing started: Tue Oct 25 17:07:11 2022
Info: Command: quartus_map --read_settings_files=on --write_settings_files=off RCA_Converter -c RCA_Converter
Warning (18236): Number of processors has not been specified which may cause overloading on shared machines.  Set the global assignment NUM_PARALLEL_PROCESSORS in your QSF to an appropriate value for best performance.
Info (20030): Parallel compilation is enabled and will use 4 of the 4 processors detected
Info (12021): Found 2 design units, including 1 entities, in source file rca_to_usb.vhd
    Info (12022): Found design unit 1: RCA_to_USB-USB_convert File: C:/Users/gioco/Documents/UF_Senior_2022-2023/CEN3907C Computer Engineering Design 1/Project/Local Project Repository/RCA_to_USB.vhd Line: 9
    Info (12023): Found entity 1: RCA_to_USB File: C:/Users/gioco/Documents/UF_Senior_2022-2023/CEN3907C Computer Engineering Design 1/Project/Local Project Repository/RCA_to_USB.vhd Line: 5
Info (12021): Found 2 design units, including 1 entities, in source file rca_to_hdmi.vhd
    Info (12022): Found design unit 1: RCA_to_HDMI-HDMI_convert File: C:/Users/gioco/Documents/UF_Senior_2022-2023/CEN3907C Computer Engineering Design 1/Project/Local Project Repository/RCA_to_HDMI.vhd Line: 9
    Info (12023): Found entity 1: RCA_to_HDMI File: C:/Users/gioco/Documents/UF_Senior_2022-2023/CEN3907C Computer Engineering Design 1/Project/Local Project Repository/RCA_to_HDMI.vhd Line: 5
Info (12021): Found 2 design units, including 1 entities, in source file usb_output.vhd
    Info (12022): Found design unit 1: USB_Output-transmit File: C:/Users/gioco/Documents/UF_Senior_2022-2023/CEN3907C Computer Engineering Design 1/Project/Local Project Repository/USB_Output.vhd Line: 24
    Info (12023): Found entity 1: USB_Output File: C:/Users/gioco/Documents/UF_Senior_2022-2023/CEN3907C Computer Engineering Design 1/Project/Local Project Repository/USB_Output.vhd Line: 6
Info (12021): Found 2 design units, including 1 entities, in source file hdmi_output.vhd
    Info (12022): Found design unit 1: HDMI_Output-output File: C:/Users/gioco/Documents/UF_Senior_2022-2023/CEN3907C Computer Engineering Design 1/Project/Local Project Repository/HDMI_Output.vhd Line: 20
    Info (12023): Found entity 1: HDMI_Output File: C:/Users/gioco/Documents/UF_Senior_2022-2023/CEN3907C Computer Engineering Design 1/Project/Local Project Repository/HDMI_Output.vhd Line: 5
Info (12021): Found 2 design units, including 1 entities, in source file top_level.vhd
    Info (12022): Found design unit 1: top_level-STR File: C:/Users/gioco/Documents/UF_Senior_2022-2023/CEN3907C Computer Engineering Design 1/Project/Local Project Repository/top_level.vhd Line: 26
    Info (12023): Found entity 1: top_level File: C:/Users/gioco/Documents/UF_Senior_2022-2023/CEN3907C Computer Engineering Design 1/Project/Local Project Repository/top_level.vhd Line: 5
Info (12021): Found 2 design units, including 1 entities, in source file rca_input.vhd
    Info (12022): Found design unit 1: RCA_Input-input File: C:/Users/gioco/Documents/UF_Senior_2022-2023/CEN3907C Computer Engineering Design 1/Project/Local Project Repository/RCA_Input.vhd Line: 9
    Info (12023): Found entity 1: RCA_Input File: C:/Users/gioco/Documents/UF_Senior_2022-2023/CEN3907C Computer Engineering Design 1/Project/Local Project Repository/RCA_Input.vhd Line: 5
Info (12127): Elaborating entity "top_level" for the top level hierarchy
Warning (10541): VHDL Signal Declaration warning at top_level.vhd(38): used implicit default value for signal "UART_TX_valid" because signal was never assigned a value or an explicit default value. Use of implicit default value may introduce unintended design optimizations. File: C:/Users/gioco/Documents/UF_Senior_2022-2023/CEN3907C Computer Engineering Design 1/Project/Local Project Repository/top_level.vhd Line: 38
Warning (10541): VHDL Signal Declaration warning at top_level.vhd(39): used implicit default value for signal "UART_TX_data" because signal was never assigned a value or an explicit default value. Use of implicit default value may introduce unintended design optimizations. File: C:/Users/gioco/Documents/UF_Senior_2022-2023/CEN3907C Computer Engineering Design 1/Project/Local Project Repository/top_level.vhd Line: 39
Warning (10541): VHDL Signal Declaration warning at top_level.vhd(44): used implicit default value for signal "video_en" because signal was never assigned a value or an explicit default value. Use of implicit default value may introduce unintended design optimizations. File: C:/Users/gioco/Documents/UF_Senior_2022-2023/CEN3907C Computer Engineering Design 1/Project/Local Project Repository/top_level.vhd Line: 44
Warning (10541): VHDL Signal Declaration warning at top_level.vhd(45): used implicit default value for signal "hSync" because signal was never assigned a value or an explicit default value. Use of implicit default value may introduce unintended design optimizations. File: C:/Users/gioco/Documents/UF_Senior_2022-2023/CEN3907C Computer Engineering Design 1/Project/Local Project Repository/top_level.vhd Line: 45
Warning (10541): VHDL Signal Declaration warning at top_level.vhd(45): used implicit default value for signal "vSync" because signal was never assigned a value or an explicit default value. Use of implicit default value may introduce unintended design optimizations. File: C:/Users/gioco/Documents/UF_Senior_2022-2023/CEN3907C Computer Engineering Design 1/Project/Local Project Repository/top_level.vhd Line: 45
Warning (10541): VHDL Signal Declaration warning at top_level.vhd(46): used implicit default value for signal "drawArea" because signal was never assigned a value or an explicit default value. Use of implicit default value may introduce unintended design optimizations. File: C:/Users/gioco/Documents/UF_Senior_2022-2023/CEN3907C Computer Engineering Design 1/Project/Local Project Repository/top_level.vhd Line: 46
Warning (10541): VHDL Signal Declaration warning at top_level.vhd(47): used implicit default value for signal "r" because signal was never assigned a value or an explicit default value. Use of implicit default value may introduce unintended design optimizations. File: C:/Users/gioco/Documents/UF_Senior_2022-2023/CEN3907C Computer Engineering Design 1/Project/Local Project Repository/top_level.vhd Line: 47
Warning (10541): VHDL Signal Declaration warning at top_level.vhd(47): used implicit default value for signal "g" because signal was never assigned a value or an explicit default value. Use of implicit default value may introduce unintended design optimizations. File: C:/Users/gioco/Documents/UF_Senior_2022-2023/CEN3907C Computer Engineering Design 1/Project/Local Project Repository/top_level.vhd Line: 47
Warning (10541): VHDL Signal Declaration warning at top_level.vhd(47): used implicit default value for signal "b" because signal was never assigned a value or an explicit default value. Use of implicit default value may introduce unintended design optimizations. File: C:/Users/gioco/Documents/UF_Senior_2022-2023/CEN3907C Computer Engineering Design 1/Project/Local Project Repository/top_level.vhd Line: 47
Info (12128): Elaborating entity "USB_Output" for hierarchy "USB_Output:U_USB_OUTPUT" File: C:/Users/gioco/Documents/UF_Senior_2022-2023/CEN3907C Computer Engineering Design 1/Project/Local Project Repository/top_level.vhd Line: 55
Info (12128): Elaborating entity "HDMI_Output" for hierarchy "HDMI_Output:U_HDMI_OUTPUT" File: C:/Users/gioco/Documents/UF_Senior_2022-2023/CEN3907C Computer Engineering Design 1/Project/Local Project Repository/top_level.vhd Line: 68
Warning (10541): VHDL Signal Declaration warning at HDMI_Output.vhd(14): used implicit default value for signal "TMDS_p" because signal was never assigned a value or an explicit default value. Use of implicit default value may introduce unintended design optimizations. File: C:/Users/gioco/Documents/UF_Senior_2022-2023/CEN3907C Computer Engineering Design 1/Project/Local Project Repository/HDMI_Output.vhd Line: 14
Warning (10541): VHDL Signal Declaration warning at HDMI_Output.vhd(15): used implicit default value for signal "TMDS_n" because signal was never assigned a value or an explicit default value. Use of implicit default value may introduce unintended design optimizations. File: C:/Users/gioco/Documents/UF_Senior_2022-2023/CEN3907C Computer Engineering Design 1/Project/Local Project Repository/HDMI_Output.vhd Line: 15
Warning (10541): VHDL Signal Declaration warning at HDMI_Output.vhd(16): used implicit default value for signal "TMDS_clk_p" because signal was never assigned a value or an explicit default value. Use of implicit default value may introduce unintended design optimizations. File: C:/Users/gioco/Documents/UF_Senior_2022-2023/CEN3907C Computer Engineering Design 1/Project/Local Project Repository/HDMI_Output.vhd Line: 16
Warning (10541): VHDL Signal Declaration warning at HDMI_Output.vhd(17): used implicit default value for signal "TMDS_clk_n" because signal was never assigned a value or an explicit default value. Use of implicit default value may introduce unintended design optimizations. File: C:/Users/gioco/Documents/UF_Senior_2022-2023/CEN3907C Computer Engineering Design 1/Project/Local Project Repository/HDMI_Output.vhd Line: 17
Warning (13024): Output pins are stuck at VCC or GND
    Warning (13410): Pin "UART_TX_ready" is stuck at GND File: C:/Users/gioco/Documents/UF_Senior_2022-2023/CEN3907C Computer Engineering Design 1/Project/Local Project Repository/top_level.vhd Line: 16
    Warning (13410): Pin "UART_TX_out" is stuck at GND File: C:/Users/gioco/Documents/UF_Senior_2022-2023/CEN3907C Computer Engineering Design 1/Project/Local Project Repository/top_level.vhd Line: 17
    Warning (13410): Pin "TMDS_p[0]" is stuck at GND File: C:/Users/gioco/Documents/UF_Senior_2022-2023/CEN3907C Computer Engineering Design 1/Project/Local Project Repository/top_level.vhd Line: 20
    Warning (13410): Pin "TMDS_p[1]" is stuck at GND File: C:/Users/gioco/Documents/UF_Senior_2022-2023/CEN3907C Computer Engineering Design 1/Project/Local Project Repository/top_level.vhd Line: 20
    Warning (13410): Pin "TMDS_p[2]" is stuck at GND File: C:/Users/gioco/Documents/UF_Senior_2022-2023/CEN3907C Computer Engineering Design 1/Project/Local Project Repository/top_level.vhd Line: 20
    Warning (13410): Pin "TMDS_n[0]" is stuck at GND File: C:/Users/gioco/Documents/UF_Senior_2022-2023/CEN3907C Computer Engineering Design 1/Project/Local Project Repository/top_level.vhd Line: 21
    Warning (13410): Pin "TMDS_n[1]" is stuck at GND File: C:/Users/gioco/Documents/UF_Senior_2022-2023/CEN3907C Computer Engineering Design 1/Project/Local Project Repository/top_level.vhd Line: 21
    Warning (13410): Pin "TMDS_n[2]" is stuck at GND File: C:/Users/gioco/Documents/UF_Senior_2022-2023/CEN3907C Computer Engineering Design 1/Project/Local Project Repository/top_level.vhd Line: 21
    Warning (13410): Pin "TMDS_clk_p" is stuck at GND File: C:/Users/gioco/Documents/UF_Senior_2022-2023/CEN3907C Computer Engineering Design 1/Project/Local Project Repository/top_level.vhd Line: 22
    Warning (13410): Pin "TMDS_clk_n" is stuck at GND File: C:/Users/gioco/Documents/UF_Senior_2022-2023/CEN3907C Computer Engineering Design 1/Project/Local Project Repository/top_level.vhd Line: 23
Info (17049): 7 registers lost all their fanouts during netlist optimizations.
Info (16010): Generating hard_block partition "hard_block:auto_generated_inst"
    Info (16011): Adding 0 node(s), including 0 DDIO, 0 PLL, 0 transceiver and 0 LCELL
Warning (21074): Design contains 3 input pin(s) that do not drive logic
    Warning (15610): No output dependent on input pin "power_on" File: C:/Users/gioco/Documents/UF_Senior_2022-2023/CEN3907C Computer Engineering Design 1/Project/Local Project Repository/top_level.vhd Line: 9
    Warning (15610): No output dependent on input pin "clk" File: C:/Users/gioco/Documents/UF_Senior_2022-2023/CEN3907C Computer Engineering Design 1/Project/Local Project Repository/top_level.vhd Line: 8
    Warning (15610): No output dependent on input pin "rst" File: C:/Users/gioco/Documents/UF_Senior_2022-2023/CEN3907C Computer Engineering Design 1/Project/Local Project Repository/top_level.vhd Line: 10
Info (21057): Implemented 13 device resources after synthesis - the final resource count might be different
    Info (21058): Implemented 3 input pins
    Info (21059): Implemented 10 output pins
Info: Quartus Prime Analysis & Synthesis was successful. 0 errors, 29 warnings
    Info: Peak virtual memory: 4794 megabytes
    Info: Processing ended: Tue Oct 25 17:07:20 2022
    Info: Elapsed time: 00:00:09
    Info: Total CPU time (on all processors): 00:00:09


